<?xml version="1.0" encoding="UTF-8"?>
<!-- Generated by org.testng.reporters.JUnitReportReporter -->
<testsuite hostname="BAN-LAP-AMANNAR" failures="0" tests="1" name="latest.changes.CaptureScreenshot" time="17.485" errors="0" timestamp="2023-06-13T13:53:13 IST" skipped="0">
  <testcase classname="latest.changes.CaptureScreenshot" name="scrollToBottomJavaScripts" time="17.485"/>
</testsuite> <!-- latest.changes.CaptureScreenshot -->
