<?xml version="1.0" encoding="UTF-8"?>
<!-- Generated by org.testng.reporters.JUnitReportReporter -->
<testsuite hostname="BAN-LAP-AMANNAR" failures="0" tests="1" name="selenium.core.concepts.ScrollToBottomUsingJS" time="10.857" errors="0" timestamp="2023-06-12T14:30:01 IST" skipped="0">
  <testcase classname="selenium.core.concepts.ScrollToBottomUsingJS" name="scrollToBottomJavaScripts" time="10.857"/>
</testsuite> <!-- selenium.core.concepts.ScrollToBottomUsingJS -->
