<?xml version="1.0" encoding="UTF-8"?>
<!-- Generated by org.testng.reporters.JUnitReportReporter -->
<testsuite hostname="BAN-LAP-AMANNAR" failures="0" tests="1" name="selenium.core.concepts.FluentWaitsExple" time="14.115" errors="0" timestamp="2023-06-16T14:41:14 IST" skipped="0">
  <testcase classname="selenium.core.concepts.FluentWaitsExple" name="fontStyleValidation" time="14.115"/>
</testsuite> <!-- selenium.core.concepts.FluentWaitsExple -->
