<?xml version="1.0" encoding="UTF-8"?>
<!-- Generated by org.testng.reporters.JUnitReportReporter -->
<testsuite hostname="BAN-LAP-AMANNAR" failures="0" tests="4" name="tests.ng.core.Courses" time="0.010" errors="0" timestamp="2023-06-13T15:27:22 IST" skipped="0">
  <testcase classname="tests.ng.core.Courses" name="mobileAutomation" time="0.001"/>
  <testcase classname="tests.ng.core.Courses" name="coreprogramming" time="0.001"/>
  <testcase classname="tests.ng.core.Courses" name="weBAutomation" time="0.000"/>
  <testcase classname="tests.ng.core.Courses" name="apiAutomation" time="0.008"/>
</testsuite> <!-- tests.ng.core.Courses -->
