<?xml version="1.0" encoding="UTF-8"?>
<!-- Generated by org.testng.reporters.JUnitReportReporter -->
<testsuite hostname="BAN-LAP-AMANNAR" failures="0" tests="1" name="selenium.core.concepts.FontSizeValidation" time="12.622" errors="0" timestamp="2023-06-12T14:12:34 IST" skipped="0">
  <testcase classname="selenium.core.concepts.FontSizeValidation" name="fontStyleValidation" time="12.622"/>
</testsuite> <!-- selenium.core.concepts.FontSizeValidation -->
