<?xml version="1.0" encoding="UTF-8"?>
<!-- Generated by org.testng.reporters.JUnitReportReporter -->
<testsuite hostname="BAN-LAP-AMANNAR" failures="0" tests="1" name="selenium.core.concepts.AlertJS" time="13.807" errors="0" timestamp="2023-06-12T14:24:06 IST" skipped="0">
  <testcase classname="selenium.core.concepts.AlertJS" name="fontStyleValidation" time="13.807"/>
</testsuite> <!-- selenium.core.concepts.AlertJS -->
