<?xml version="1.0" encoding="UTF-8"?>
<!-- Generated by org.testng.reporters.JUnitReportReporter -->
<testsuite hostname="BAN-LAP-AMANNAR" failures="0" tests="1" name="selenium.core.concepts.HandlingAutoSuggestive" time="4.541" errors="0" timestamp="2023-06-15T17:56:48 IST" skipped="0">
  <testcase classname="selenium.core.concepts.HandlingAutoSuggestive" name="fontStyleValidation" time="4.541"/>
</testsuite> <!-- selenium.core.concepts.HandlingAutoSuggestive -->
