<?xml version="1.0" encoding="UTF-8"?>
<!-- Generated by org.testng.reporters.JUnitReportReporter -->
<testsuite hostname="BAN-LAP-AMANNAR" failures="0" tests="4" name="tests.ng.core.Institutions" time="0.013" errors="0" timestamp="2023-06-13T15:00:20 IST" skipped="0">
  <testcase classname="tests.ng.core.Institutions" name="mqSystems" time="0.001"/>
  <testcase classname="tests.ng.core.Institutions" name="jSpiders" time="0.009"/>
  <testcase classname="tests.ng.core.Institutions" name="qSPiders" time="0.001"/>
  <testcase classname="tests.ng.core.Institutions" name="testersHUB" time="0.002"/>
</testsuite> <!-- tests.ng.core.Institutions -->
