<?xml version="1.0" encoding="UTF-8"?>
<!-- Generated by org.testng.reporters.JUnitReportReporter -->
<testsuite hostname="BAN-LAP-AMANNAR" failures="0" tests="2" name="tests.ng.core.TestNGDemoDependsOnMethods" time="0.007" errors="0" timestamp="2023-06-14T15:44:49 IST" skipped="0">
  <testcase classname="tests.ng.core.TestNGDemoDependsOnMethods" name="deleteUser" time="0.001">
    <system-out>
      <![CDATA[Deleting the user]]>
    </system-out>
  </testcase> <!-- deleteUser -->
  <testcase classname="tests.ng.core.TestNGDemoDependsOnMethods" name="createUser" time="0.006">
    <system-out>
      <![CDATA[Creating user]]>
    </system-out>
  </testcase> <!-- createUser -->
  <system-out>
    <![CDATA[Creating user
Deleting the user]]>
  </system-out>
</testsuite> <!-- tests.ng.core.TestNGDemoDependsOnMethods -->
