<?xml version="1.0" encoding="UTF-8"?>
<!-- Generated by org.testng.reporters.JUnitReportReporter -->
<testsuite hostname="BAN-LAP-AMANNAR" failures="0" tests="1" name="tests.ng.core.SoftAssertsExple" time="0.017" errors="0" timestamp="2023-06-14T17:11:41 IST" skipped="0">
  <testcase classname="tests.ng.core.SoftAssertsExple" name="softAssertingExample" time="0.017">
    <system-out>
      <![CDATA[Step1
Step2
Step3]]>
    </system-out>
  </testcase> <!-- softAssertingExample -->
  <system-out>
    <![CDATA[Step1
Step2
Step3]]>
  </system-out>
</testsuite> <!-- tests.ng.core.SoftAssertsExple -->
