<?xml version="1.0" encoding="UTF-8"?>
<!-- Generated by org.testng.reporters.JUnitReportReporter -->
<testsuite hostname="BAN-LAP-AMANNAR" failures="0" tests="3" name="tests.ng.core.Locations" time="0.008" errors="0" timestamp="2023-06-13T15:00:33 IST" skipped="0">
  <testcase classname="tests.ng.core.Locations" name="vizag" time="0.001"/>
  <testcase classname="tests.ng.core.Locations" name="chennai" time="0.001"/>
  <testcase classname="tests.ng.core.Locations" name="bangalore" time="0.006"/>
</testsuite> <!-- tests.ng.core.Locations -->
