<?xml version="1.0" encoding="UTF-8"?>
<!-- Generated by org.testng.reporters.JUnitReportReporter -->
<testsuite hostname="BAN-LAP-AMANNAR" failures="0" tests="1" name="selenium.core.concepts.dropDownHandles" time="22.222" errors="0" timestamp="2023-06-15T17:42:09 IST" skipped="0">
  <testcase classname="selenium.core.concepts.dropDownHandles" name="fontStyleValidation" time="22.222"/>
</testsuite> <!-- selenium.core.concepts.dropDownHandles -->
